{
"contracts/FundMe.sol":{"l":{"22":0,"23":0,"49":0,"52":0,"55":0,"71":0,"75":0,"77":0,"78":0,"82":0,"98":0,"99":0,"103":0,"104":0},"path":"/home/edidiong/New_Playground/Hardhat-fund-me/Hardhat-fund-me/contracts/FundMe.sol","s":{"1":0,"2":0,"3":0,"4":0,"5":0,"6":0,"7":0,"8":0},"b":{"1":[0,0],"2":[0,0],"3":[0,0],"4":[0,0],"5":[0,0]},"f":{"1":0,"2":0,"3":0,"4":0},"fnMap":{"1":{"name":"constructor","line":21,"loc":{"start":{"line":21,"column":4},"end":{"line":24,"column":4}}},"2":{"name":"fund","line":41,"loc":{"start":{"line":41,"column":4},"end":{"line":57,"column":4}}},"3":{"name":"withdraw","line":69,"loc":{"start":{"line":69,"column":4},"end":{"line":100,"column":4}}},"4":{"name":"onlyOwner","line":102,"loc":{"start":{"line":102,"column":4},"end":{"line":105,"column":4}}}},"statementMap":{"1":{"start":{"line":49,"column":8},"end":{"line":49,"column":88}},"2":{"start":{"line":52,"column":8},"end":{"line":52,"column":31}},"3":{"start":{"line":71,"column":8},"end":{"line":71,"column":59}},"4":{"start":{"line":75,"column":9},"end":{"line":75,"column":2599}},"5":{"start":{"line":77,"column":13},"end":{"line":77,"column":58}},"6":{"start":{"line":98,"column":8},"end":{"line":98,"column":89}},"7":{"start":{"line":99,"column":8},"end":{"line":99,"column":42}},"8":{"start":{"line":103,"column":8},"end":{"line":103,"column":59}}},"branchMap":{"1":{"line":49,"type":"if","locations":[{"start":{"line":49,"column":8},"end":{"line":49,"column":8}},{"start":{"line":49,"column":8},"end":{"line":49,"column":8}}]},"2":{"line":69,"type":"if","locations":[{"start":{"line":69,"column":32},"end":{"line":69,"column":32}},{"start":{"line":69,"column":32},"end":{"line":69,"column":32}}]},"3":{"line":71,"type":"if","locations":[{"start":{"line":71,"column":8},"end":{"line":71,"column":8}},{"start":{"line":71,"column":8},"end":{"line":71,"column":8}}]},"4":{"line":99,"type":"if","locations":[{"start":{"line":99,"column":8},"end":{"line":99,"column":8}},{"start":{"line":99,"column":8},"end":{"line":99,"column":8}}]},"5":{"line":103,"type":"if","locations":[{"start":{"line":103,"column":8},"end":{"line":103,"column":8}},{"start":{"line":103,"column":8},"end":{"line":103,"column":8}}]}}},
"contracts/PriceConverter.sol":{"l":{"16":0,"26":0,"31":0,"33":0,"34":0},"path":"/home/edidiong/New_Playground/Hardhat-fund-me/Hardhat-fund-me/contracts/PriceConverter.sol","s":{"1":0,"2":0,"3":0,"4":0,"5":0},"b":{},"f":{"1":0,"2":0},"fnMap":{"1":{"name":"getPrice","line":9,"loc":{"start":{"line":9,"column":4},"end":{"line":27,"column":4}}},"2":{"name":"getConversionRate","line":29,"loc":{"start":{"line":29,"column":4},"end":{"line":35,"column":4}}}},"statementMap":{"1":{"start":{"line":16,"column":8},"end":{"line":16,"column":59}},"2":{"start":{"line":26,"column":8},"end":{"line":26,"column":36}},"3":{"start":{"line":31,"column":8},"end":{"line":31,"column":47}},"4":{"start":{"line":33,"column":8},"end":{"line":33,"column":62}},"5":{"start":{"line":34,"column":8},"end":{"line":34,"column":29}}},"branchMap":{}},
"contracts/test/MockV3Aggregator.sol":{"l":{},"path":"/home/edidiong/New_Playground/Hardhat-fund-me/Hardhat-fund-me/contracts/test/MockV3Aggregator.sol","s":{},"b":{},"f":{},"fnMap":{},"statementMap":{},"branchMap":{}}}
