TN:
SF:/home/edidiong/New_Playground/Hardhat-fund-me/Hardhat-fund-me/contracts/FundMe.sol
FN:21,constructor
FN:41,fund
FN:69,withdraw
FN:102,onlyOwner
FNF:4
FNH:0
FNDA:0,constructor
FNDA:0,fund
FNDA:0,withdraw
FNDA:0,onlyOwner
DA:22,0
DA:23,0
DA:49,0
DA:52,0
DA:55,0
DA:71,0
DA:75,0
DA:77,0
DA:78,0
DA:82,0
DA:98,0
DA:99,0
DA:103,0
DA:104,0
LF:14
LH:0
BRDA:49,1,0,0
BRDA:49,1,1,0
BRDA:69,2,0,0
BRDA:69,2,1,0
BRDA:71,3,0,0
BRDA:71,3,1,0
BRDA:99,4,0,0
BRDA:99,4,1,0
BRDA:103,5,0,0
BRDA:103,5,1,0
BRF:10
BRH:0
end_of_record
TN:
SF:/home/edidiong/New_Playground/Hardhat-fund-me/Hardhat-fund-me/contracts/PriceConverter.sol
FN:9,getPrice
FN:29,getConversionRate
FNF:2
FNH:0
FNDA:0,getPrice
FNDA:0,getConversionRate
DA:16,0
DA:26,0
DA:31,0
DA:33,0
DA:34,0
LF:5
LH:0
BRF:0
BRH:0
end_of_record
TN:
SF:/home/edidiong/New_Playground/Hardhat-fund-me/Hardhat-fund-me/contracts/test/MockV3Aggregator.sol
FNF:0
FNH:0
LF:0
LH:0
BRF:0
BRH:0
end_of_record
